Using pre-set license
Built from '2022.2/staging' branch; Version is '2022.2.15f1 (30d813e1a2a9) revision 3201043'; Using compiler version '192829333'; Build Type 'Release'
OS: 'Windows 11  (10.0.22621) 64bit Professional' Language: 'pt' Physical Memory: 8064 MB
BatchMode: 1, IsHumanControllingUs: 0, StartBugReporterOnCrash: 0, Is64bit: 1, IsPro: 1

COMMAND LINE ARGUMENTS:
C:\Program Files\Unity\Hub\Editor\2022.2.15f1\Editor\Unity.exe
-adb2
-batchMode
-noUpm
-name
AssetImportWorker2
-projectPath
C:/Users/jgabr/MagiTest
-logFile
Logs/AssetImportWorker2.log
-srvPort
57508
Successfully changed project path to: C:/Users/jgabr/MagiTest
C:/Users/jgabr/MagiTest
[UnityMemory] Configuration Parameters - Can be set up in boot.config
    "memorysetup-bucket-allocator-granularity=16"
    "memorysetup-bucket-allocator-bucket-count=8"
    "memorysetup-bucket-allocator-block-size=33554432"
    "memorysetup-bucket-allocator-block-count=8"
    "memorysetup-main-allocator-block-size=16777216"
    "memorysetup-thread-allocator-block-size=16777216"
    "memorysetup-gfx-main-allocator-block-size=16777216"
    "memorysetup-gfx-thread-allocator-block-size=16777216"
    "memorysetup-cache-allocator-block-size=4194304"
    "memorysetup-typetree-allocator-block-size=2097152"
    "memorysetup-profiler-bucket-allocator-granularity=16"
    "memorysetup-profiler-bucket-allocator-bucket-count=8"
    "memorysetup-profiler-bucket-allocator-block-size=33554432"
    "memorysetup-profiler-bucket-allocator-block-count=8"
    "memorysetup-profiler-allocator-block-size=16777216"
    "memorysetup-profiler-editor-allocator-block-size=1048576"
    "memorysetup-temp-allocator-size-main=16777216"
    "memorysetup-job-temp-allocator-block-size=2097152"
    "memorysetup-job-temp-allocator-block-size-background=1048576"
    "memorysetup-job-temp-allocator-reduction-small-platforms=262144"
    "memorysetup-temp-allocator-size-background-worker=32768"
    "memorysetup-temp-allocator-size-job-worker=262144"
    "memorysetup-temp-allocator-size-preload-manager=33554432"
    "memorysetup-temp-allocator-size-nav-mesh-worker=65536"
    "memorysetup-temp-allocator-size-audio-worker=65536"
    "memorysetup-temp-allocator-size-cloud-worker=32768"
    "memorysetup-temp-allocator-size-gi-baking-worker=262144"
    "memorysetup-temp-allocator-size-gfx=262144"
Player connection [23036] Host "[IP] 192.168.0.56 [Port] 0 [Flags] 2 [Guid] 758244010 [EditorId] 758244010 [Version] 1048832 [Id] WindowsEditor(7,JGabriel047) [Debug] 1 [PackageName] WindowsEditor [ProjectName] Editor" joined multi-casting on [225.0.0.222:54997]...

Player connection [23036] Host "[IP] 192.168.0.56 [Port] 0 [Flags] 2 [Guid] 758244010 [EditorId] 758244010 [Version] 1048832 [Id] WindowsEditor(7,JGabriel047) [Debug] 1 [PackageName] WindowsEditor [ProjectName] Editor" joined alternative multi-casting on [225.0.0.222:34997]...

Refreshing native plugins compatible for Editor in 535.01 ms, found 3 plugins.
Preloading 0 native plugins for Editor in 0.00 ms.
Initialize engine version: 2022.2.15f1 (30d813e1a2a9)
[Subsystems] Discovering subsystems at path C:/Program Files/Unity/Hub/Editor/2022.2.15f1/Editor/Data/Resources/UnitySubsystems
[Subsystems] Discovering subsystems at path C:/Users/jgabr/MagiTest/Assets
GfxDevice: creating device client; threaded=0; jobified=0
Direct3D:
    Version:  Direct3D 11.0 [level 11.1]
    Renderer: NVIDIA GeForce GTX 1650 (ID=0x1f82)
    Vendor:   NVIDIA
    VRAM:     3950 MB
    Driver:   31.0.15.3161
Initialize mono
Mono path[0] = 'C:/Program Files/Unity/Hub/Editor/2022.2.15f1/Editor/Data/Managed'
Mono path[1] = 'C:/Program Files/Unity/Hub/Editor/2022.2.15f1/Editor/Data/MonoBleedingEdge/lib/mono/unityjit-win32'
Mono config path = 'C:/Program Files/Unity/Hub/Editor/2022.2.15f1/Editor/Data/MonoBleedingEdge/etc'
Using monoOptions --debugger-agent=transport=dt_socket,embedding=1,server=y,suspend=n,address=127.0.0.1:56056
Begin MonoManager ReloadAssembly
Registering precompiled unity dll's ...
Register platform support module: C:/Program Files/Unity/Hub/Editor/2022.2.15f1/Editor/Data/PlaybackEngines/WindowsStandaloneSupport/UnityEditor.WindowsStandalone.Extensions.dll
Register platform support module: C:/Program Files/Unity/Hub/Editor/2022.2.15f1/Editor/Data/PlaybackEngines/MetroSupport/UnityEditor.UWP.Extensions.dll
Registered in 0.020154 seconds.
- Loaded All Assemblies, in  3.171 seconds
Native extension for UWP target not found
Native extension for WindowsStandalone target not found
Mono: successfully reloaded assembly
- Finished resetting the current domain, in  0.435 seconds
Domain Reload Profiling:
	ReloadAssembly (2504ms)
		BeginReloadAssembly (226ms)
			ExecutionOrderSort (0ms)
			DisableScriptedObjects (0ms)
			BackupInstance (0ms)
			ReleaseScriptingObjects (0ms)
			CreateAndSetChildDomain (1ms)
		LoadAllAssembliesAndSetupDomain (0ms)
			LoadAssemblies (223ms)
			RebuildTransferFunctionScriptingTraits (0ms)
			SetupTypeCache (653ms)
				TypeCache.Initialize (651ms)
					TypeCache.ScanAssembly (649ms)
				ResolveRequiredComponents (1ms)
		FinalizeReload (0ms)
			ReleaseScriptCaches (0ms)
			RebuildScriptCaches (0ms)
			SetupLoadedEditorAssemblies (350ms)
				LogAssemblyErrors (0ms)
				InitializePlatformSupportModulesInManaged (16ms)
				SetLoadedEditorAssemblies (9ms)
				RefreshPlugins (0ms)
				BeforeProcessingInitializeOnLoad (2ms)
				ProcessInitializeOnLoadAttributes (236ms)
				ProcessInitializeOnLoadMethodAttributes (87ms)
				AfterProcessingInitializeOnLoad (0ms)
				EditorAssembliesLoaded (0ms)
			ExecutionOrderSort2 (0ms)
			AwakeInstancesAfterBackupRestoration (0ms)
========================================================================
Worker process is ready to serve import requests
Begin MonoManager ReloadAssembly
Symbol file LoadedFromMemory doesn't match image C:\Users\jgabr\MagiTest\Library\PackageCache\com.unity.visualscripting@1.8.0\Editor\VisualScripting.Core\Dependencies\YamlDotNet\Unity.VisualScripting.YamlDotNet.dll
Symbol file LoadedFromMemory doesn't match image C:\Users\jgabr\MagiTest\Library\PackageCache\com.unity.visualscripting@1.8.0\Editor\VisualScripting.Core\Dependencies\DotNetZip\Unity.VisualScripting.IonicZip.dll
- Loaded All Assemblies, in  1.992 seconds
Refreshing native plugins compatible for Editor in 6.50 ms, found 3 plugins.
Native extension for UWP target not found
Native extension for WindowsStandalone target not found
Mono: successfully reloaded assembly
- Finished resetting the current domain, in  1.633 seconds
Domain Reload Profiling:
	ReloadAssembly (322ms)
		BeginReloadAssembly (199ms)
			ExecutionOrderSort (0ms)
			DisableScriptedObjects (7ms)
			BackupInstance (0ms)
			ReleaseScriptingObjects (0ms)
			CreateAndSetChildDomain (30ms)
		LoadAllAssembliesAndSetupDomain (1664ms)
			LoadAssemblies (747ms)
			RebuildTransferFunctionScriptingTraits (0ms)
			SetupTypeCache (1014ms)
				TypeCache.Initialize (962ms)
					TypeCache.ScanAssembly (955ms)
				ResolveRequiredComponents (14ms)
		FinalizeReload (0ms)
			ReleaseScriptCaches (0ms)
			RebuildScriptCaches (0ms)
			SetupLoadedEditorAssemblies (1396ms)
				LogAssemblyErrors (0ms)
				InitializePlatformSupportModulesInManaged (10ms)
				SetLoadedEditorAssemblies (6ms)
				RefreshPlugins (0ms)
				BeforeProcessingInitializeOnLoad (115ms)
				ProcessInitializeOnLoadAttributes (1181ms)
				ProcessInitializeOnLoadMethodAttributes (73ms)
				AfterProcessingInitializeOnLoad (11ms)
				EditorAssembliesLoaded (0ms)
			ExecutionOrderSort2 (0ms)
			AwakeInstancesAfterBackupRestoration (9ms)
Launched and connected shader compiler UnityShaderCompiler.exe after 3.09 seconds
Refreshing native plugins compatible for Editor in 7.14 ms, found 3 plugins.
Preloading 0 native plugins for Editor in 0.00 ms.
Unloading 5846 Unused Serialized files (Serialized files now loaded: 0)
Unloading 122 unused Assets / (3.2 MB). Loaded Objects now: 6318.
Memory consumption went from 242.5 MB to 239.3 MB.
Total: 6.104000 ms (FindLiveObjects: 0.520900 ms CreateObjectMapping: 0.315900 ms MarkObjects: 4.372400 ms  DeleteObjects: 0.893300 ms)

AssetImportParameters requested are different than current active one (requested -> active):
  custom:scripting/monoscript/fileName/DAS_Option.cs: 172bf23f1950b16d4d45d907eab18c2a -> 
  custom:container-demuxer-ogg: 62fdf1f143b41e24485cea50d1cbac27 -> 
  custom:scripting/monoscript/fileName/PlayAnimation.cs: e42e49cca17b953a9ee675718f28bd5c -> 
  custom:video-decoder-ogg-theora: a1e56fd34408186e4bbccfd4996cb3dc -> 
  custom:framework-win-MediaFoundation: 216162199b28c13a410421893ffa2e32 -> 
  custom:scripting/monoscript/fileName/DAS_Dialogue.cs: 4757d2ae9075e072599e6805f21807de -> 
  custom:scripting/monoscript/fileName/DAS_Action.cs: b42b8d5a49baa2874a85757ced533173 -> 
  custom:container-demuxer-webm: 4f35f7cbe854078d1ac9338744f61a02 -> 
  custom:container-muxer-webm: aa71ff27fc2769a1b78a27578f13a17b -> 
  custom:video-decoder-webm-vp8: 9c59270c3fd7afecdb556c50c9e8de78 -> 
  custom:AudioImporter_EditorPlatform: d09bf68614088b80899f8185d706f6e7 -> 
  custom:scripting/monoscript/fileName/DialogueManager.cs: 2dcb33d5ca63a35e90533ce3223d831c -> 
  custom:scripting/monoscript/fileName/DAS_DialogueBox.cs: 925c70c79763d78c4b6aa63ba4f9d0ea -> 
  custom:scripting/monoscript/fileName/DAS_DialogueController.cs: 2db630b04fe67fd0462dcdf68945a4b1 -> 
  custom:video-encoder-webm-vp8: eb34c28f22e8b96e1ab97ce403110664 -> 
  custom:audio-decoder-ogg-vorbis: bf7c407c2cedff20999df2af8eb42d56 -> 
  custom:scripting/monoscript/fileName/ClickScript.cs: 6acfa297efe1977f77460cfd4f2ee135 -> 
  custom:scripting/monoscript/fileName/DAS_DialogueSystem.cs: d25bf798e39dc568375de0f369b4a11c -> 
  custom:audio-encoder-webm-vorbis: bf7c407c2cedff20999df2af8eb42d56 -> 
========================================================================
Received Import Request.
  Time since last request: 169357.126424 seconds.
  path: Assets/Shader/SkyboxBlender.shader
  artifactKey: Guid(4e7d0c4dc196af843a66f3ce13171640) Importer(815301076,1909f56bfc062723c751e8b465ee728b)
Start importing Assets/Shader/SkyboxBlender.shader using Guid(4e7d0c4dc196af843a66f3ce13171640) Importer(815301076,1909f56bfc062723c751e8b465ee728b)  -> (artifact id: '645d4e03fa215e9553ab45a74052f42d') in 0.015362 seconds
Number of updated asset objects reloaded before import = 0
Number of asset objects unloaded after import = 0
========================================================================
Received Import Request.
  Time since last request: 155.830630 seconds.
  path: Assets/Skybox/FS017/FS017_Day_Cubemap.mat
  artifactKey: Guid(6075488e92597c9478c885b7b54674a3) Importer(815301076,1909f56bfc062723c751e8b465ee728b)
Start importing Assets/Skybox/FS017/FS017_Day_Cubemap.mat using Guid(6075488e92597c9478c885b7b54674a3) Importer(815301076,1909f56bfc062723c751e8b465ee728b)  -> (artifact id: '858c6344405ed8e93f68dc4aaa96831e') in 0.200933 seconds
Number of updated asset objects reloaded before import = 0
Number of asset objects unloaded after import = 7
========================================================================
Received Import Request.
  Time since last request: 0.903127 seconds.
  path: Assets/Skybox/FS017/Images/FS017_Day_Cubemap.cubemap
  artifactKey: Guid(4a17136d4157535469a91305bf7a462c) Importer(815301076,1909f56bfc062723c751e8b465ee728b)
Start importing Assets/Skybox/FS017/Images/FS017_Day_Cubemap.cubemap using Guid(4a17136d4157535469a91305bf7a462c) Importer(815301076,1909f56bfc062723c751e8b465ee728b)  -> (artifact id: '5235071fb6dca5782894dac7a80d2216') in 0.379902 seconds
Number of updated asset objects reloaded before import = 0
Number of asset objects unloaded after import = 1
========================================================================
Received Import Request.
  Time since last request: 0.000052 seconds.
  path: Assets/Skybox/FS017/Images/FS017_Night_Cubemap_front.png
  artifactKey: Guid(077e264c78cc46d49923b5aff986242f) Importer(815301076,1909f56bfc062723c751e8b465ee728b)
Start importing Assets/Skybox/FS017/Images/FS017_Night_Cubemap_front.png using Guid(077e264c78cc46d49923b5aff986242f) Importer(815301076,1909f56bfc062723c751e8b465ee728b)  -> (artifact id: '7af6f2fc9d3e8b4d607660400c86ee76') in 0.017710 seconds
Number of updated asset objects reloaded before import = 0
Number of asset objects unloaded after import = 2
========================================================================
Received Import Request.
  Time since last request: 0.000048 seconds.
  path: Assets/Skybox/FS017/Images/FS017_Day_Cubemap_right.png
  artifactKey: Guid(de4e7e1ddede5d741a529f954761b321) Importer(815301076,1909f56bfc062723c751e8b465ee728b)
Start importing Assets/Skybox/FS017/Images/FS017_Day_Cubemap_right.png using Guid(de4e7e1ddede5d741a529f954761b321) Importer(815301076,1909f56bfc062723c751e8b465ee728b)  -> (artifact id: 'a96f9b6214efd2b5e01640811e158e6d') in 0.014206 seconds
Number of updated asset objects reloaded before import = 0
Number of asset objects unloaded after import = 2
========================================================================
Received Import Request.
  Time since last request: 0.000042 seconds.
  path: Assets/Skybox/FS017/Images/FS017_Night_Cubemap_left.png
  artifactKey: Guid(1f3d7c575615c0347aa51d0bc22f1567) Importer(815301076,1909f56bfc062723c751e8b465ee728b)
Start importing Assets/Skybox/FS017/Images/FS017_Night_Cubemap_left.png using Guid(1f3d7c575615c0347aa51d0bc22f1567) Importer(815301076,1909f56bfc062723c751e8b465ee728b)  -> (artifact id: '948da812bd2e5ae09000b72390d9f782') in 0.022115 seconds
Number of updated asset objects reloaded before import = 0
Number of asset objects unloaded after import = 2
========================================================================
Received Import Request.
  Time since last request: 0.000041 seconds.
  path: Assets/Skybox/FS017/Images/FS017_Night_Cubemap_right.png
  artifactKey: Guid(0123ad43ba83faf47a3fa02276ba03c9) Importer(815301076,1909f56bfc062723c751e8b465ee728b)
Start importing Assets/Skybox/FS017/Images/FS017_Night_Cubemap_right.png using Guid(0123ad43ba83faf47a3fa02276ba03c9) Importer(815301076,1909f56bfc062723c751e8b465ee728b)  -> (artifact id: 'cd1d56e50bc0f7fa44936a1c31ca586f') in 0.069635 seconds
Number of updated asset objects reloaded before import = 0
Number of asset objects unloaded after import = 2
========================================================================
Received Import Request.
  Time since last request: 0.000036 seconds.
  path: Assets/Skybox/FS017/Images/FS017_Night_Cubemap_up.png
  artifactKey: Guid(8f817f454fe4cdc4aabf11e6505cfc23) Importer(815301076,1909f56bfc062723c751e8b465ee728b)
Start importing Assets/Skybox/FS017/Images/FS017_Night_Cubemap_up.png using Guid(8f817f454fe4cdc4aabf11e6505cfc23) Importer(815301076,1909f56bfc062723c751e8b465ee728b)  -> (artifact id: 'cabd05b406b1837c7b6428683a130c42') in 0.016813 seconds
Number of updated asset objects reloaded before import = 0
Number of asset objects unloaded after import = 2
========================================================================
Received Import Request.
  Time since last request: 0.000040 seconds.
  path: Assets/Skybox/FS017/Images/FS017_Day_Cubemap_down.png
  artifactKey: Guid(3ff2c9760785dd641953e7ccd7baa5a7) Importer(815301076,1909f56bfc062723c751e8b465ee728b)
Start importing Assets/Skybox/FS017/Images/FS017_Day_Cubemap_down.png using Guid(3ff2c9760785dd641953e7ccd7baa5a7) Importer(815301076,1909f56bfc062723c751e8b465ee728b)  -> (artifact id: 'c966b693237f84b5a663483c82800ce0') in 0.019156 seconds
Number of updated asset objects reloaded before import = 0
Number of asset objects unloaded after import = 2
========================================================================
Received Import Request.
  Time since last request: 0.000039 seconds.
  path: Assets/Skybox/FS017/Images/FS017_Day_Cubemap_front.png
  artifactKey: Guid(1ceccf51a4344f44cb4ae7d56e847146) Importer(815301076,1909f56bfc062723c751e8b465ee728b)
Start importing Assets/Skybox/FS017/Images/FS017_Day_Cubemap_front.png using Guid(1ceccf51a4344f44cb4ae7d56e847146) Importer(815301076,1909f56bfc062723c751e8b465ee728b)  -> (artifact id: '50258040216d0f89c7988d6beeaa33b3') in 0.107922 seconds
Number of updated asset objects reloaded before import = 0
Number of asset objects unloaded after import = 2
========================================================================
Received Import Request.
  Time since last request: 0.000064 seconds.
  path: Assets/Skybox/FS017/Images/FS017_Night_Cubemap_back.png
  artifactKey: Guid(fd0a573276626584da3f1293fcd7f797) Importer(815301076,1909f56bfc062723c751e8b465ee728b)
Start importing Assets/Skybox/FS017/Images/FS017_Night_Cubemap_back.png using Guid(fd0a573276626584da3f1293fcd7f797) Importer(815301076,1909f56bfc062723c751e8b465ee728b)  -> (artifact id: 'f7e67a50348b69402ae354ded8f23318') in 0.020440 seconds
Number of updated asset objects reloaded before import = 0
Number of asset objects unloaded after import = 2
Editor requested this worker to shutdown with reason: Scaling down because of idle timeout
TcpMessagingSession - receive error: operation aborted. errorcode: 995, details: A operação de E/S foi anulada devido a uma saída de thread ou a uma requisição de aplicativo.
AssetImportWorker is now disconnected from the server
Process exiting
Exiting without the bug reporter. Application will terminate with return code 0